<?xml version="1.0" encoding="UTF-8"?>
<!-- Generated by org.testng.reporters.JUnitReportReporter -->
<testsuite hostname="srisaran" failures="0" tests="21" name="TestRunner.Testrunner" time="481.924" errors="0" timestamp="2024-01-17T19:29:05 PST" skipped="0">
  <testcase classname="TestRunner.Testrunner" name="runScenario" time="32.769"/>
  <testcase classname="TestRunner.Testrunner" name="runScenario" time="2.110"/>
  <testcase classname="TestRunner.Testrunner" name="runScenario" time="2.198"/>
  <testcase classname="TestRunner.Testrunner" name="runScenario" time="21.102"/>
  <testcase classname="TestRunner.Testrunner" name="runScenario" time="19.109"/>
  <testcase classname="TestRunner.Testrunner" name="runScenario" time="21.993"/>
  <testcase classname="TestRunner.Testrunner" name="runScenario" time="19.419"/>
  <testcase classname="TestRunner.Testrunner" name="runScenario" time="20.548"/>
  <testcase classname="TestRunner.Testrunner" name="runScenario" time="19.479"/>
  <testcase classname="TestRunner.Testrunner" name="runScenario" time="15.403"/>
  <testcase classname="TestRunner.Testrunner" name="runScenario" time="71.869"/>
  <testcase classname="TestRunner.Testrunner" name="runScenario" time="2.503"/>
  <testcase classname="TestRunner.Testrunner" name="runScenario" time="111.034"/>
  <testcase classname="TestRunner.Testrunner" name="runScenario" time="23.299"/>
  <testcase classname="TestRunner.Testrunner" name="runScenario" time="3.286"/>
  <testcase classname="TestRunner.Testrunner" name="runScenario" time="24.432"/>
  <testcase classname="TestRunner.Testrunner" name="runScenario" time="20.244"/>
  <testcase classname="TestRunner.Testrunner" name="runScenario" time="8.087"/>
  <testcase classname="TestRunner.Testrunner" name="runScenario" time="8.342"/>
  <testcase classname="TestRunner.Testrunner" name="runScenario" time="26.167"/>
  <testcase classname="TestRunner.Testrunner" name="runScenario" time="8.531"/>
</testsuite> <!-- TestRunner.Testrunner -->
